This is pdfTeX, Version 3.141592653-2.6-1.40.22 (TeX Live 2021/GNU Guix) (preloaded format=pdflatex 2022.5.9)  19 APR 2023 14:41
entering extended mode
 \write18 enabled.
 file:line:error style messages enabled.
 %&-line parsing enabled.
**thms.tex
(./thms.tex
LaTeX2e <2020-10-01> patch level 4
L3 programming layer <2021-02-18>
(/gnu/store/8aakdan6lbwdw0l0axkzy4613k4wibbq-texlive-texmf-20210325/share/texmf
-dist/tex/latex/base/article.cls
Document Class: article 2020/04/10 v1.4m Standard LaTeX document class

(/gnu/store/8aakdan6lbwdw0l0axkzy4613k4wibbq-texlive-texmf-20210325/share/texmf
-dist/tex/latex/base/size10.clo
File: size10.clo 2020/04/10 v1.4m Standard LaTeX file (size option)
)
\c@part=\count179
\c@section=\count180
\c@subsection=\count181
\c@subsubsection=\count182
\c@paragraph=\count183
\c@subparagraph=\count184
\c@figure=\count185
\c@table=\count186
\abovecaptionskip=\skip47
\belowcaptionskip=\skip48
\bibindent=\dimen138
)
(/gnu/store/8aakdan6lbwdw0l0axkzy4613k4wibbq-texlive-texmf-20210325/share/texmf
-dist/tex/latex/geometry/geometry.sty
Package: geometry 2020/01/02 v5.9 Page Geometry

(/gnu/store/8aakdan6lbwdw0l0axkzy4613k4wibbq-texlive-texmf-20210325/share/texmf
-dist/tex/latex/graphics/keyval.sty
Package: keyval 2014/10/28 v1.15 key=value parser (DPC)
\KV@toks@=\toks15
)
(/gnu/store/8aakdan6lbwdw0l0axkzy4613k4wibbq-texlive-texmf-20210325/share/texmf
-dist/tex/generic/iftex/ifvtex.sty
Package: ifvtex 2019/10/25 v1.7 ifvtex legacy package. Use iftex instead.

(/gnu/store/8aakdan6lbwdw0l0axkzy4613k4wibbq-texlive-texmf-20210325/share/texmf
-dist/tex/generic/iftex/iftex.sty
Package: iftex 2020/03/06 v1.0d TeX engine tests
))
\Gm@cnth=\count187
\Gm@cntv=\count188
\c@Gm@tempcnt=\count189
\Gm@bindingoffset=\dimen139
\Gm@wd@mp=\dimen140
\Gm@odd@mp=\dimen141
\Gm@even@mp=\dimen142
\Gm@layoutwidth=\dimen143
\Gm@layoutheight=\dimen144
\Gm@layouthoffset=\dimen145
\Gm@layoutvoffset=\dimen146
\Gm@dimlist=\toks16
)
(/gnu/store/8aakdan6lbwdw0l0axkzy4613k4wibbq-texlive-texmf-20210325/share/texmf
-dist/tex/latex/tex-gyre/tgpagella.sty
Package: tgpagella 2009/09/27 v1.2 TeX Gyre Pagella as default roman family

(/gnu/store/8aakdan6lbwdw0l0axkzy4613k4wibbq-texlive-texmf-20210325/share/texmf
-dist/tex/latex/kvoptions/kvoptions.sty
Package: kvoptions 2020-10-07 v3.14 Key value format for package options (HO)

(/gnu/store/8aakdan6lbwdw0l0axkzy4613k4wibbq-texlive-texmf-20210325/share/texmf
-dist/tex/generic/ltxcmds/ltxcmds.sty
Package: ltxcmds 2020-05-10 v1.25 LaTeX kernel commands for general use (HO)
)
(/gnu/store/8aakdan6lbwdw0l0axkzy4613k4wibbq-texlive-texmf-20210325/share/texmf
-dist/tex/generic/kvsetkeys/kvsetkeys.sty
Package: kvsetkeys 2019/12/15 v1.18 Key value parser (HO)
)))
(/gnu/store/8aakdan6lbwdw0l0axkzy4613k4wibbq-texlive-texmf-20210325/share/texmf
-dist/tex/latex/amsmath/amsmath.sty
Package: amsmath 2020/09/23 v2.17i AMS math features
\@mathmargin=\skip49

For additional information on amsmath, use the `?' option.

(/gnu/store/8aakdan6lbwdw0l0axkzy4613k4wibbq-texlive-texmf-20210325/share/texmf
-dist/tex/latex/amsmath/amstext.sty
Package: amstext 2000/06/29 v2.01 AMS text

(/gnu/store/8aakdan6lbwdw0l0axkzy4613k4wibbq-texlive-texmf-20210325/share/texmf
-dist/tex/latex/amsmath/amsgen.sty
File: amsgen.sty 1999/11/30 v2.0 generic functions
\@emptytoks=\toks17
\ex@=\dimen147
))
(/gnu/store/8aakdan6lbwdw0l0axkzy4613k4wibbq-texlive-texmf-20210325/share/texmf
-dist/tex/latex/amsmath/amsbsy.sty
Package: amsbsy 1999/11/29 v1.2d Bold Symbols
\pmbraise@=\dimen148
)
(/gnu/store/8aakdan6lbwdw0l0axkzy4613k4wibbq-texlive-texmf-20210325/share/texmf
-dist/tex/latex/amsmath/amsopn.sty
Package: amsopn 2016/03/08 v2.02 operator names
)
\inf@bad=\count190
LaTeX Info: Redefining \frac on input line 234.
\uproot@=\count191
\leftroot@=\count192
LaTeX Info: Redefining \overline on input line 399.
\classnum@=\count193
\DOTSCASE@=\count194
LaTeX Info: Redefining \ldots on input line 496.
LaTeX Info: Redefining \dots on input line 499.
LaTeX Info: Redefining \cdots on input line 620.
\Mathstrutbox@=\box47
\strutbox@=\box48
\big@size=\dimen149
LaTeX Font Info:    Redeclaring font encoding OML on input line 743.
LaTeX Font Info:    Redeclaring font encoding OMS on input line 744.
\macc@depth=\count195
\c@MaxMatrixCols=\count196
\dotsspace@=\muskip16
\c@parentequation=\count197
\dspbrk@lvl=\count198
\tag@help=\toks18
\row@=\count199
\column@=\count266
\maxfields@=\count267
\andhelp@=\toks19
\eqnshift@=\dimen150
\alignsep@=\dimen151
\tagshift@=\dimen152
\tagwidth@=\dimen153
\totwidth@=\dimen154
\lineht@=\dimen155
\@envbody=\toks20
\multlinegap=\skip50
\multlinetaggap=\skip51
\mathdisplay@stack=\toks21
LaTeX Info: Redefining \[ on input line 2923.
LaTeX Info: Redefining \] on input line 2924.
)
(/gnu/store/8aakdan6lbwdw0l0axkzy4613k4wibbq-texlive-texmf-20210325/share/texmf
-dist/tex/latex/amsfonts/amssymb.sty
Package: amssymb 2013/01/14 v3.01 AMS font symbols

(/gnu/store/8aakdan6lbwdw0l0axkzy4613k4wibbq-texlive-texmf-20210325/share/texmf
-dist/tex/latex/amsfonts/amsfonts.sty
Package: amsfonts 2013/01/14 v3.01 Basic AMSFonts support
\symAMSa=\mathgroup4
\symAMSb=\mathgroup5
LaTeX Font Info:    Redeclaring math symbol \hbar on input line 98.
LaTeX Font Info:    Overwriting math alphabet `\mathfrak' in version `bold'
(Font)                  U/euf/m/n --> U/euf/b/n on input line 106.
))
(/gnu/store/8aakdan6lbwdw0l0axkzy4613k4wibbq-texlive-texmf-20210325/share/texmf
-dist/tex/latex/amscls/amsthm.sty
Package: amsthm 2020/05/29 v2.20.6
\thm@style=\toks22
\thm@bodyfont=\toks23
\thm@headfont=\toks24
\thm@notefont=\toks25
\thm@headpunct=\toks26
\thm@preskip=\skip52
\thm@postskip=\skip53
\thm@headsep=\skip54
\dth@everypar=\toks27
)
(/gnu/store/8aakdan6lbwdw0l0axkzy4613k4wibbq-texlive-texmf-20210325/share/texmf
-dist/tex/latex/pgf/frontendlayer/tikz.sty
(/gnu/store/8aakdan6lbwdw0l0axkzy4613k4wibbq-texlive-texmf-20210325/share/texmf
-dist/tex/latex/pgf/basiclayer/pgf.sty
(/gnu/store/8aakdan6lbwdw0l0axkzy4613k4wibbq-texlive-texmf-20210325/share/texmf
-dist/tex/latex/pgf/utilities/pgfrcs.sty
(/gnu/store/8aakdan6lbwdw0l0axkzy4613k4wibbq-texlive-texmf-20210325/share/texmf
-dist/tex/generic/pgf/utilities/pgfutil-common.tex
\pgfutil@everybye=\toks28
\pgfutil@tempdima=\dimen156
\pgfutil@tempdimb=\dimen157

(/gnu/store/8aakdan6lbwdw0l0axkzy4613k4wibbq-texlive-texmf-20210325/share/texmf
-dist/tex/generic/pgf/utilities/pgfutil-common-lists.tex))
(/gnu/store/8aakdan6lbwdw0l0axkzy4613k4wibbq-texlive-texmf-20210325/share/texmf
-dist/tex/generic/pgf/utilities/pgfutil-latex.def
\pgfutil@abb=\box49
)
(/gnu/store/8aakdan6lbwdw0l0axkzy4613k4wibbq-texlive-texmf-20210325/share/texmf
-dist/tex/generic/pgf/utilities/pgfrcs.code.tex
(/gnu/store/8aakdan6lbwdw0l0axkzy4613k4wibbq-texlive-texmf-20210325/share/texmf
-dist/tex/generic/pgf/pgf.revision.tex)
Package: pgfrcs 2020/12/27 v3.1.8b (3.1.8b)
))
Package: pgf 2020/12/27 v3.1.8b (3.1.8b)

(/gnu/store/8aakdan6lbwdw0l0axkzy4613k4wibbq-texlive-texmf-20210325/share/texmf
-dist/tex/latex/pgf/basiclayer/pgfcore.sty
(/gnu/store/8aakdan6lbwdw0l0axkzy4613k4wibbq-texlive-texmf-20210325/share/texmf
-dist/tex/latex/graphics/graphicx.sty
Package: graphicx 2020/09/09 v1.2b Enhanced LaTeX Graphics (DPC,SPQR)

(/gnu/store/8aakdan6lbwdw0l0axkzy4613k4wibbq-texlive-texmf-20210325/share/texmf
-dist/tex/latex/graphics/graphics.sty
Package: graphics 2020/08/30 v1.4c Standard LaTeX Graphics (DPC,SPQR)

(/gnu/store/8aakdan6lbwdw0l0axkzy4613k4wibbq-texlive-texmf-20210325/share/texmf
-dist/tex/latex/graphics/trig.sty
Package: trig 2016/01/03 v1.10 sin cos tan (DPC)
)
(/gnu/store/8aakdan6lbwdw0l0axkzy4613k4wibbq-texlive-texmf-20210325/share/texmf
-dist/tex/latex/graphics-cfg/graphics.cfg
File: graphics.cfg 2016/06/04 v1.11 sample graphics configuration
)
Package graphics Info: Driver file: pdftex.def on input line 105.

(/gnu/store/8aakdan6lbwdw0l0axkzy4613k4wibbq-texlive-texmf-20210325/share/texmf
-dist/tex/latex/graphics-def/pdftex.def
File: pdftex.def 2020/10/05 v1.2a Graphics/color driver for pdftex
))
\Gin@req@height=\dimen158
\Gin@req@width=\dimen159
)
(/gnu/store/8aakdan6lbwdw0l0axkzy4613k4wibbq-texlive-texmf-20210325/share/texmf
-dist/tex/latex/pgf/systemlayer/pgfsys.sty
(/gnu/store/8aakdan6lbwdw0l0axkzy4613k4wibbq-texlive-texmf-20210325/share/texmf
-dist/tex/generic/pgf/systemlayer/pgfsys.code.tex
Package: pgfsys 2020/12/27 v3.1.8b (3.1.8b)

(/gnu/store/8aakdan6lbwdw0l0axkzy4613k4wibbq-texlive-texmf-20210325/share/texmf
-dist/tex/generic/pgf/utilities/pgfkeys.code.tex
\pgfkeys@pathtoks=\toks29
\pgfkeys@temptoks=\toks30

(/gnu/store/8aakdan6lbwdw0l0axkzy4613k4wibbq-texlive-texmf-20210325/share/texmf
-dist/tex/generic/pgf/utilities/pgfkeysfiltered.code.tex
\pgfkeys@tmptoks=\toks31
))
\pgf@x=\dimen160
\pgf@y=\dimen161
\pgf@xa=\dimen162
\pgf@ya=\dimen163
\pgf@xb=\dimen164
\pgf@yb=\dimen165
\pgf@xc=\dimen166
\pgf@yc=\dimen167
\pgf@xd=\dimen168
\pgf@yd=\dimen169
\w@pgf@writea=\write3
\r@pgf@reada=\read2
\c@pgf@counta=\count268
\c@pgf@countb=\count269
\c@pgf@countc=\count270
\c@pgf@countd=\count271
\t@pgf@toka=\toks32
\t@pgf@tokb=\toks33
\t@pgf@tokc=\toks34
\pgf@sys@id@count=\count272

(/gnu/store/8aakdan6lbwdw0l0axkzy4613k4wibbq-texlive-texmf-20210325/share/texmf
-dist/tex/generic/pgf/systemlayer/pgf.cfg
File: pgf.cfg 2020/12/27 v3.1.8b (3.1.8b)
)
Driver file for pgf: pgfsys-pdftex.def

(/gnu/store/8aakdan6lbwdw0l0axkzy4613k4wibbq-texlive-texmf-20210325/share/texmf
-dist/tex/generic/pgf/systemlayer/pgfsys-pdftex.def
File: pgfsys-pdftex.def 2020/12/27 v3.1.8b (3.1.8b)

(/gnu/store/8aakdan6lbwdw0l0axkzy4613k4wibbq-texlive-texmf-20210325/share/texmf
-dist/tex/generic/pgf/systemlayer/pgfsys-common-pdf.def
File: pgfsys-common-pdf.def 2020/12/27 v3.1.8b (3.1.8b)
)))
(/gnu/store/8aakdan6lbwdw0l0axkzy4613k4wibbq-texlive-texmf-20210325/share/texmf
-dist/tex/generic/pgf/systemlayer/pgfsyssoftpath.code.tex
File: pgfsyssoftpath.code.tex 2020/12/27 v3.1.8b (3.1.8b)
\pgfsyssoftpath@smallbuffer@items=\count273
\pgfsyssoftpath@bigbuffer@items=\count274
)
(/gnu/store/8aakdan6lbwdw0l0axkzy4613k4wibbq-texlive-texmf-20210325/share/texmf
-dist/tex/generic/pgf/systemlayer/pgfsysprotocol.code.tex
File: pgfsysprotocol.code.tex 2020/12/27 v3.1.8b (3.1.8b)
))
(/gnu/store/8aakdan6lbwdw0l0axkzy4613k4wibbq-texlive-texmf-20210325/share/texmf
-dist/tex/latex/xcolor/xcolor.sty
Package: xcolor 2016/05/11 v2.12 LaTeX color extensions (UK)

(/gnu/store/8aakdan6lbwdw0l0axkzy4613k4wibbq-texlive-texmf-20210325/share/texmf
-dist/tex/latex/graphics-cfg/color.cfg
File: color.cfg 2016/01/02 v1.6 sample color configuration
)
Package xcolor Info: Driver file: pdftex.def on input line 225.
Package xcolor Info: Model `cmy' substituted by `cmy0' on input line 1348.
Package xcolor Info: Model `hsb' substituted by `rgb' on input line 1352.
Package xcolor Info: Model `RGB' extended on input line 1364.
Package xcolor Info: Model `HTML' substituted by `rgb' on input line 1366.
Package xcolor Info: Model `Hsb' substituted by `hsb' on input line 1367.
Package xcolor Info: Model `tHsb' substituted by `hsb' on input line 1368.
Package xcolor Info: Model `HSB' substituted by `hsb' on input line 1369.
Package xcolor Info: Model `Gray' substituted by `gray' on input line 1370.
Package xcolor Info: Model `wave' substituted by `hsb' on input line 1371.
)
(/gnu/store/8aakdan6lbwdw0l0axkzy4613k4wibbq-texlive-texmf-20210325/share/texmf
-dist/tex/generic/pgf/basiclayer/pgfcore.code.tex
Package: pgfcore 2020/12/27 v3.1.8b (3.1.8b)

(/gnu/store/8aakdan6lbwdw0l0axkzy4613k4wibbq-texlive-texmf-20210325/share/texmf
-dist/tex/generic/pgf/math/pgfmath.code.tex
(/gnu/store/8aakdan6lbwdw0l0axkzy4613k4wibbq-texlive-texmf-20210325/share/texmf
-dist/tex/generic/pgf/math/pgfmathcalc.code.tex
(/gnu/store/8aakdan6lbwdw0l0axkzy4613k4wibbq-texlive-texmf-20210325/share/texmf
-dist/tex/generic/pgf/math/pgfmathutil.code.tex)
(/gnu/store/8aakdan6lbwdw0l0axkzy4613k4wibbq-texlive-texmf-20210325/share/texmf
-dist/tex/generic/pgf/math/pgfmathparser.code.tex
\pgfmath@dimen=\dimen170
\pgfmath@count=\count275
\pgfmath@box=\box50
\pgfmath@toks=\toks35
\pgfmath@stack@operand=\toks36
\pgfmath@stack@operation=\toks37
)
(/gnu/store/8aakdan6lbwdw0l0axkzy4613k4wibbq-texlive-texmf-20210325/share/texmf
-dist/tex/generic/pgf/math/pgfmathfunctions.code.tex
(/gnu/store/8aakdan6lbwdw0l0axkzy4613k4wibbq-texlive-texmf-20210325/share/texmf
-dist/tex/generic/pgf/math/pgfmathfunctions.basic.code.tex)
(/gnu/store/8aakdan6lbwdw0l0axkzy4613k4wibbq-texlive-texmf-20210325/share/texmf
-dist/tex/generic/pgf/math/pgfmathfunctions.trigonometric.code.tex)
(/gnu/store/8aakdan6lbwdw0l0axkzy4613k4wibbq-texlive-texmf-20210325/share/texmf
-dist/tex/generic/pgf/math/pgfmathfunctions.random.code.tex)
(/gnu/store/8aakdan6lbwdw0l0axkzy4613k4wibbq-texlive-texmf-20210325/share/texmf
-dist/tex/generic/pgf/math/pgfmathfunctions.comparison.code.tex)
(/gnu/store/8aakdan6lbwdw0l0axkzy4613k4wibbq-texlive-texmf-20210325/share/texmf
-dist/tex/generic/pgf/math/pgfmathfunctions.base.code.tex)
(/gnu/store/8aakdan6lbwdw0l0axkzy4613k4wibbq-texlive-texmf-20210325/share/texmf
-dist/tex/generic/pgf/math/pgfmathfunctions.round.code.tex)
(/gnu/store/8aakdan6lbwdw0l0axkzy4613k4wibbq-texlive-texmf-20210325/share/texmf
-dist/tex/generic/pgf/math/pgfmathfunctions.misc.code.tex)
(/gnu/store/8aakdan6lbwdw0l0axkzy4613k4wibbq-texlive-texmf-20210325/share/texmf
-dist/tex/generic/pgf/math/pgfmathfunctions.integerarithmetics.code.tex)))
(/gnu/store/8aakdan6lbwdw0l0axkzy4613k4wibbq-texlive-texmf-20210325/share/texmf
-dist/tex/generic/pgf/math/pgfmathfloat.code.tex
\c@pgfmathroundto@lastzeros=\count276
))
(/gnu/store/8aakdan6lbwdw0l0axkzy4613k4wibbq-texlive-texmf-20210325/share/texmf
-dist/tex/generic/pgf/math/pgfint.code.tex)
(/gnu/store/8aakdan6lbwdw0l0axkzy4613k4wibbq-texlive-texmf-20210325/share/texmf
-dist/tex/generic/pgf/basiclayer/pgfcorepoints.code.tex
File: pgfcorepoints.code.tex 2020/12/27 v3.1.8b (3.1.8b)
\pgf@picminx=\dimen171
\pgf@picmaxx=\dimen172
\pgf@picminy=\dimen173
\pgf@picmaxy=\dimen174
\pgf@pathminx=\dimen175
\pgf@pathmaxx=\dimen176
\pgf@pathminy=\dimen177
\pgf@pathmaxy=\dimen178
\pgf@xx=\dimen179
\pgf@xy=\dimen180
\pgf@yx=\dimen181
\pgf@yy=\dimen182
\pgf@zx=\dimen183
\pgf@zy=\dimen184
LaTeX Font Info:    Trying to load font information for OT1+qpl on input line 9
26.

(/gnu/store/8aakdan6lbwdw0l0axkzy4613k4wibbq-texlive-texmf-20210325/share/texmf
-dist/tex/latex/tex-gyre/ot1qpl.fd
File: ot1qpl.fd 2009/09/25 v1.2 font definition file for OT1/qpl
))
(/gnu/store/8aakdan6lbwdw0l0axkzy4613k4wibbq-texlive-texmf-20210325/share/texmf
-dist/tex/generic/pgf/basiclayer/pgfcorepathconstruct.code.tex
File: pgfcorepathconstruct.code.tex 2020/12/27 v3.1.8b (3.1.8b)
\pgf@path@lastx=\dimen185
\pgf@path@lasty=\dimen186
)
(/gnu/store/8aakdan6lbwdw0l0axkzy4613k4wibbq-texlive-texmf-20210325/share/texmf
-dist/tex/generic/pgf/basiclayer/pgfcorepathusage.code.tex
File: pgfcorepathusage.code.tex 2020/12/27 v3.1.8b (3.1.8b)
\pgf@shorten@end@additional=\dimen187
\pgf@shorten@start@additional=\dimen188
)
(/gnu/store/8aakdan6lbwdw0l0axkzy4613k4wibbq-texlive-texmf-20210325/share/texmf
-dist/tex/generic/pgf/basiclayer/pgfcorescopes.code.tex
File: pgfcorescopes.code.tex 2020/12/27 v3.1.8b (3.1.8b)
\pgfpic=\box51
\pgf@hbox=\box52
\pgf@layerbox@main=\box53
\pgf@picture@serial@count=\count277
)
(/gnu/store/8aakdan6lbwdw0l0axkzy4613k4wibbq-texlive-texmf-20210325/share/texmf
-dist/tex/generic/pgf/basiclayer/pgfcoregraphicstate.code.tex
File: pgfcoregraphicstate.code.tex 2020/12/27 v3.1.8b (3.1.8b)
\pgflinewidth=\dimen189
)
(/gnu/store/8aakdan6lbwdw0l0axkzy4613k4wibbq-texlive-texmf-20210325/share/texmf
-dist/tex/generic/pgf/basiclayer/pgfcoretransformations.code.tex
File: pgfcoretransformations.code.tex 2020/12/27 v3.1.8b (3.1.8b)
\pgf@pt@x=\dimen190
\pgf@pt@y=\dimen191
\pgf@pt@temp=\dimen192
)
(/gnu/store/8aakdan6lbwdw0l0axkzy4613k4wibbq-texlive-texmf-20210325/share/texmf
-dist/tex/generic/pgf/basiclayer/pgfcorequick.code.tex
File: pgfcorequick.code.tex 2020/12/27 v3.1.8b (3.1.8b)
)
(/gnu/store/8aakdan6lbwdw0l0axkzy4613k4wibbq-texlive-texmf-20210325/share/texmf
-dist/tex/generic/pgf/basiclayer/pgfcoreobjects.code.tex
File: pgfcoreobjects.code.tex 2020/12/27 v3.1.8b (3.1.8b)
)
(/gnu/store/8aakdan6lbwdw0l0axkzy4613k4wibbq-texlive-texmf-20210325/share/texmf
-dist/tex/generic/pgf/basiclayer/pgfcorepathprocessing.code.tex
File: pgfcorepathprocessing.code.tex 2020/12/27 v3.1.8b (3.1.8b)
)
(/gnu/store/8aakdan6lbwdw0l0axkzy4613k4wibbq-texlive-texmf-20210325/share/texmf
-dist/tex/generic/pgf/basiclayer/pgfcorearrows.code.tex
File: pgfcorearrows.code.tex 2020/12/27 v3.1.8b (3.1.8b)
\pgfarrowsep=\dimen193
)
(/gnu/store/8aakdan6lbwdw0l0axkzy4613k4wibbq-texlive-texmf-20210325/share/texmf
-dist/tex/generic/pgf/basiclayer/pgfcoreshade.code.tex
File: pgfcoreshade.code.tex 2020/12/27 v3.1.8b (3.1.8b)
\pgf@max=\dimen194
\pgf@sys@shading@range@num=\count278
\pgf@shadingcount=\count279
)
(/gnu/store/8aakdan6lbwdw0l0axkzy4613k4wibbq-texlive-texmf-20210325/share/texmf
-dist/tex/generic/pgf/basiclayer/pgfcoreimage.code.tex
File: pgfcoreimage.code.tex 2020/12/27 v3.1.8b (3.1.8b)

(/gnu/store/8aakdan6lbwdw0l0axkzy4613k4wibbq-texlive-texmf-20210325/share/texmf
-dist/tex/generic/pgf/basiclayer/pgfcoreexternal.code.tex
File: pgfcoreexternal.code.tex 2020/12/27 v3.1.8b (3.1.8b)
\pgfexternal@startupbox=\box54
))
(/gnu/store/8aakdan6lbwdw0l0axkzy4613k4wibbq-texlive-texmf-20210325/share/texmf
-dist/tex/generic/pgf/basiclayer/pgfcorelayers.code.tex
File: pgfcorelayers.code.tex 2020/12/27 v3.1.8b (3.1.8b)
)
(/gnu/store/8aakdan6lbwdw0l0axkzy4613k4wibbq-texlive-texmf-20210325/share/texmf
-dist/tex/generic/pgf/basiclayer/pgfcoretransparency.code.tex
File: pgfcoretransparency.code.tex 2020/12/27 v3.1.8b (3.1.8b)
)
(/gnu/store/8aakdan6lbwdw0l0axkzy4613k4wibbq-texlive-texmf-20210325/share/texmf
-dist/tex/generic/pgf/basiclayer/pgfcorepatterns.code.tex
File: pgfcorepatterns.code.tex 2020/12/27 v3.1.8b (3.1.8b)
)
(/gnu/store/8aakdan6lbwdw0l0axkzy4613k4wibbq-texlive-texmf-20210325/share/texmf
-dist/tex/generic/pgf/basiclayer/pgfcorerdf.code.tex
File: pgfcorerdf.code.tex 2020/12/27 v3.1.8b (3.1.8b)
)))
(/gnu/store/8aakdan6lbwdw0l0axkzy4613k4wibbq-texlive-texmf-20210325/share/texmf
-dist/tex/generic/pgf/modules/pgfmoduleshapes.code.tex
File: pgfmoduleshapes.code.tex 2020/12/27 v3.1.8b (3.1.8b)
\pgfnodeparttextbox=\box55
)
(/gnu/store/8aakdan6lbwdw0l0axkzy4613k4wibbq-texlive-texmf-20210325/share/texmf
-dist/tex/generic/pgf/modules/pgfmoduleplot.code.tex
File: pgfmoduleplot.code.tex 2020/12/27 v3.1.8b (3.1.8b)
)
(/gnu/store/8aakdan6lbwdw0l0axkzy4613k4wibbq-texlive-texmf-20210325/share/texmf
-dist/tex/latex/pgf/compatibility/pgfcomp-version-0-65.sty
Package: pgfcomp-version-0-65 2020/12/27 v3.1.8b (3.1.8b)
\pgf@nodesepstart=\dimen195
\pgf@nodesepend=\dimen196
)
(/gnu/store/8aakdan6lbwdw0l0axkzy4613k4wibbq-texlive-texmf-20210325/share/texmf
-dist/tex/latex/pgf/compatibility/pgfcomp-version-1-18.sty
Package: pgfcomp-version-1-18 2020/12/27 v3.1.8b (3.1.8b)
))
(/gnu/store/8aakdan6lbwdw0l0axkzy4613k4wibbq-texlive-texmf-20210325/share/texmf
-dist/tex/latex/pgf/utilities/pgffor.sty
(/gnu/store/8aakdan6lbwdw0l0axkzy4613k4wibbq-texlive-texmf-20210325/share/texmf
-dist/tex/latex/pgf/utilities/pgfkeys.sty
(/gnu/store/8aakdan6lbwdw0l0axkzy4613k4wibbq-texlive-texmf-20210325/share/texmf
-dist/tex/generic/pgf/utilities/pgfkeys.code.tex))
(/gnu/store/8aakdan6lbwdw0l0axkzy4613k4wibbq-texlive-texmf-20210325/share/texmf
-dist/tex/latex/pgf/math/pgfmath.sty
(/gnu/store/8aakdan6lbwdw0l0axkzy4613k4wibbq-texlive-texmf-20210325/share/texmf
-dist/tex/generic/pgf/math/pgfmath.code.tex))
(/gnu/store/8aakdan6lbwdw0l0axkzy4613k4wibbq-texlive-texmf-20210325/share/texmf
-dist/tex/generic/pgf/utilities/pgffor.code.tex
Package: pgffor 2020/12/27 v3.1.8b (3.1.8b)

(/gnu/store/8aakdan6lbwdw0l0axkzy4613k4wibbq-texlive-texmf-20210325/share/texmf
-dist/tex/generic/pgf/math/pgfmath.code.tex)
\pgffor@iter=\dimen197
\pgffor@skip=\dimen198
\pgffor@stack=\toks38
\pgffor@toks=\toks39
))
(/gnu/store/8aakdan6lbwdw0l0axkzy4613k4wibbq-texlive-texmf-20210325/share/texmf
-dist/tex/generic/pgf/frontendlayer/tikz/tikz.code.tex
Package: tikz 2020/12/27 v3.1.8b (3.1.8b)

(/gnu/store/8aakdan6lbwdw0l0axkzy4613k4wibbq-texlive-texmf-20210325/share/texmf
-dist/tex/generic/pgf/libraries/pgflibraryplothandlers.code.tex
File: pgflibraryplothandlers.code.tex 2020/12/27 v3.1.8b (3.1.8b)
\pgf@plot@mark@count=\count280
\pgfplotmarksize=\dimen199
)
\tikz@lastx=\dimen256
\tikz@lasty=\dimen257
\tikz@lastxsaved=\dimen258
\tikz@lastysaved=\dimen259
\tikz@lastmovetox=\dimen260
\tikz@lastmovetoy=\dimen261
\tikzleveldistance=\dimen262
\tikzsiblingdistance=\dimen263
\tikz@figbox=\box56
\tikz@figbox@bg=\box57
\tikz@tempbox=\box58
\tikz@tempbox@bg=\box59
\tikztreelevel=\count281
\tikznumberofchildren=\count282
\tikznumberofcurrentchild=\count283
\tikz@fig@count=\count284

(/gnu/store/8aakdan6lbwdw0l0axkzy4613k4wibbq-texlive-texmf-20210325/share/texmf
-dist/tex/generic/pgf/modules/pgfmodulematrix.code.tex
File: pgfmodulematrix.code.tex 2020/12/27 v3.1.8b (3.1.8b)
\pgfmatrixcurrentrow=\count285
\pgfmatrixcurrentcolumn=\count286
\pgf@matrix@numberofcolumns=\count287
)
\tikz@expandcount=\count288

(/gnu/store/8aakdan6lbwdw0l0axkzy4613k4wibbq-texlive-texmf-20210325/share/texmf
-dist/tex/generic/pgf/frontendlayer/tikz/libraries/tikzlibrarytopaths.code.tex
File: tikzlibrarytopaths.code.tex 2020/12/27 v3.1.8b (3.1.8b)
)))
(/gnu/store/8aakdan6lbwdw0l0axkzy4613k4wibbq-texlive-texmf-20210325/share/texmf
-dist/tex/latex/minted/minted.sty
Package: minted 2017/07/19 v2.5 Yet another Pygments shim for LaTeX

(/gnu/store/8aakdan6lbwdw0l0axkzy4613k4wibbq-texlive-texmf-20210325/share/texmf
-dist/tex/latex/fvextra/fvextra.sty
Package: fvextra 2019/02/04 v1.4 fvextra - extensions and patches for fancyvrb

(/gnu/store/8aakdan6lbwdw0l0axkzy4613k4wibbq-texlive-texmf-20210325/share/texmf
-dist/tex/latex/base/ifthen.sty
Package: ifthen 2014/09/29 v1.1c Standard LaTeX ifthen package (DPC)
)
(/gnu/store/8aakdan6lbwdw0l0axkzy4613k4wibbq-texlive-texmf-20210325/share/texmf
-dist/tex/latex/etoolbox/etoolbox.sty
Package: etoolbox 2020/10/05 v2.5k e-TeX tools for LaTeX (JAW)
\etb@tempcnta=\count289
)
(/gnu/store/8aakdan6lbwdw0l0axkzy4613k4wibbq-texlive-texmf-20210325/share/texmf
-dist/tex/latex/fancyvrb/fancyvrb.sty
Package: fancyvrb 2021/01/20 v3.7 verbatim text (tvz,hv)
\FV@CodeLineNo=\count290
\FV@InFile=\read3
\FV@TabBox=\box60
\c@FancyVerbLine=\count291
\FV@StepNumber=\count292
\FV@OutFile=\write4
)
(/gnu/store/8aakdan6lbwdw0l0axkzy4613k4wibbq-texlive-texmf-20210325/share/texmf
-dist/tex/latex/upquote/upquote.sty
Package: upquote 2012/04/19 v1.3 upright-quote and grave-accent glyphs in verba
tim
)
(/gnu/store/8aakdan6lbwdw0l0axkzy4613k4wibbq-texlive-texmf-20210325/share/texmf
-dist/tex/latex/lineno/lineno.sty
Package: lineno 2005/11/02 line numbers on paragraphs v4.41
\linenopenalty=\count293
\output=\toks40
\linenoprevgraf=\count294
\linenumbersep=\dimen264
\linenumberwidth=\dimen265
\c@linenumber=\count295
\c@pagewiselinenumber=\count296
\c@LN@truepage=\count297
\c@internallinenumber=\count298
\c@internallinenumbers=\count299
\quotelinenumbersep=\dimen266
\bframerule=\dimen267
\bframesep=\dimen268
\bframebox=\box61
LaTeX Info: Redefining \\ on input line 3056.
)
\c@FV@TrueTabGroupLevel=\count300
\c@FV@TrueTabCounter=\count301
\FV@TabBox@Group=\box62
\FV@TmpLength=\skip55
\c@FV@HighlightLinesStart=\count302
\c@FV@HighlightLinesStop=\count303
\FV@LoopCount=\count304
\FV@NCharsBox=\box63
\FV@BreakIndent=\dimen269
\FV@BreakIndentNChars=\count305
\FV@BreakSymbolSepLeft=\dimen270
\FV@BreakSymbolSepLeftNChars=\count306
\FV@BreakSymbolSepRight=\dimen271
\FV@BreakSymbolSepRightNChars=\count307
\FV@BreakSymbolIndentLeft=\dimen272
\FV@BreakSymbolIndentLeftNChars=\count308
\FV@BreakSymbolIndentRight=\dimen273
\FV@BreakSymbolIndentRightNChars=\count309
\c@FancyVerbLineBreakLast=\count310
\FV@LineBox=\box64
\FV@LineIndentBox=\box65
\FV@LineWidth=\dimen274
)
(/gnu/store/8aakdan6lbwdw0l0axkzy4613k4wibbq-texlive-texmf-20210325/share/texmf
-dist/tex/latex/tools/calc.sty
Package: calc 2017/05/25 v4.3 Infix arithmetic (KKT,FJ)
\calc@Acount=\count311
\calc@Bcount=\count312
\calc@Adimen=\dimen275
\calc@Bdimen=\dimen276
\calc@Askip=\skip56
\calc@Bskip=\skip57
LaTeX Info: Redefining \setlength on input line 80.
LaTeX Info: Redefining \addtolength on input line 81.
\calc@Ccount=\count313
\calc@Cskip=\skip58
)
(/gnu/store/8aakdan6lbwdw0l0axkzy4613k4wibbq-texlive-texmf-20210325/share/texmf
-dist/tex/latex/tools/shellesc.sty
Package: shellesc 2019/11/08 v1.0c unified shell escape interface for LaTeX
Package shellesc Info: Unrestricted shell escape enabled on input line 75.
)
(/gnu/store/8aakdan6lbwdw0l0axkzy4613k4wibbq-texlive-texmf-20210325/share/texmf
-dist/tex/latex/ifplatform/ifplatform.sty
Package: ifplatform 2017/10/13 v0.4a Testing for the operating system

(/gnu/store/8aakdan6lbwdw0l0axkzy4613k4wibbq-texlive-texmf-20210325/share/texmf
-dist/tex/generic/pdftexcmds/pdftexcmds.sty
Package: pdftexcmds 2020-06-27 v0.33 Utility functions of pdfTeX for LuaTeX (HO
)

(/gnu/store/8aakdan6lbwdw0l0axkzy4613k4wibbq-texlive-texmf-20210325/share/texmf
-dist/tex/generic/infwarerr/infwarerr.sty
Package: infwarerr 2019/12/03 v1.5 Providing info/warning/error messages (HO)
)
Package pdftexcmds Info: \pdf@primitive is available.
Package pdftexcmds Info: \pdf@ifprimitive is available.
Package pdftexcmds Info: \pdfdraftmode found.
)
(/gnu/store/8aakdan6lbwdw0l0axkzy4613k4wibbq-texlive-texmf-20210325/share/texmf
-dist/tex/generic/catchfile/catchfile.sty
Package: catchfile 2019/12/09 v1.8 Catch the contents of a file (HO)

(/gnu/store/8aakdan6lbwdw0l0axkzy4613k4wibbq-texlive-texmf-20210325/share/texmf
-dist/tex/generic/etexcmds/etexcmds.sty
Package: etexcmds 2019/12/15 v1.7 Avoid name clashes with e-TeX commands (HO)
))
(/gnu/store/8aakdan6lbwdw0l0axkzy4613k4wibbq-texlive-texmf-20210325/share/texmf
-dist/tex/generic/iftex/ifluatex.sty
Package: ifluatex 2019/10/25 v1.5 ifluatex legacy package. Use iftex instead.
)
runsystem(uname -s > "thms.w18")...executed.

 (./thms.w18)
runsystem(rm -- "thms.w18")...executed.

)
(/gnu/store/8aakdan6lbwdw0l0axkzy4613k4wibbq-texlive-texmf-20210325/share/texmf
-dist/tex/generic/xstring/xstring.sty
(/gnu/store/8aakdan6lbwdw0l0axkzy4613k4wibbq-texlive-texmf-20210325/share/texmf
-dist/tex/generic/xstring/xstring.tex
\integerpart=\count314
\decimalpart=\count315
)
Package: xstring 2019/02/06 v1.83 String manipulations (CT)
)
(/gnu/store/8aakdan6lbwdw0l0axkzy4613k4wibbq-texlive-texmf-20210325/share/texmf
-dist/tex/latex/framed/framed.sty
Package: framed 2011/10/22 v 0.96: framed or shaded text with page breaks
\OuterFrameSep=\skip59
\fb@frw=\dimen277
\fb@frh=\dimen278
\FrameRule=\dimen279
\FrameSep=\dimen280
)
(/gnu/store/8aakdan6lbwdw0l0axkzy4613k4wibbq-texlive-texmf-20210325/share/texmf
-dist/tex/latex/float/float.sty
Package: float 2001/11/08 v1.3d Float enhancements (AL)
\c@float@type=\count316
\float@exts=\toks41
\float@box=\box66
\@float@everytoks=\toks42
\@floatcapt=\box67
)
\minted@appexistsfile=\read4
\minted@bgbox=\box68
\minted@code=\write5
\c@minted@FancyVerbLineTemp=\count317
\c@minted@pygmentizecounter=\count318
\@float@every@listing=\toks43
\c@listing=\count319
)
runsystem(mkdir -p _minted-thms)...executed.


(/gnu/store/8aakdan6lbwdw0l0axkzy4613k4wibbq-texlive-texmf-20210325/share/texmf
-dist/tex/latex/physics/physics.sty
Package: physics 

(/gnu/store/8aakdan6lbwdw0l0axkzy4613k4wibbq-texlive-texmf-20210325/share/texmf
-dist/tex/latex/l3packages/xparse/xparse.sty
(/gnu/store/8aakdan6lbwdw0l0axkzy4613k4wibbq-texlive-texmf-20210325/share/texmf
-dist/tex/latex/l3kernel/expl3.sty
Package: expl3 2021-02-18 L3 programming layer (loader) 

(/gnu/store/8aakdan6lbwdw0l0axkzy4613k4wibbq-texlive-texmf-20210325/share/texmf
-dist/tex/latex/l3backend/l3backend-pdftex.def
File: l3backend-pdftex.def 2021-03-18 L3 backend support: PDF output (pdfTeX)
\l__color_backend_stack_int=\count320
\l__pdf_internal_box=\box69
))
(/gnu/store/8aakdan6lbwdw0l0axkzy4613k4wibbq-texlive-texmf-20210325/share/texmf
-dist/tex/latex/l3packages/xparse/xparse-2020-10-01.sty
(/gnu/store/8aakdan6lbwdw0l0axkzy4613k4wibbq-texlive-texmf-20210325/share/texmf
-dist/tex/latex/l3packages/xparse/xparse-generic.tex))))
(/gnu/store/8aakdan6lbwdw0l0axkzy4613k4wibbq-texlive-texmf-20210325/share/texmf
-dist/tex/latex/siunitx/siunitx.sty
Package: siunitx 2020/02/25 v2.8b A comprehensive (SI) units package

(/gnu/store/8aakdan6lbwdw0l0axkzy4613k4wibbq-texlive-texmf-20210325/share/texmf
-dist/tex/latex/tools/array.sty
Package: array 2020/10/01 v2.5c Tabular extension package (FMi)
\col@sep=\dimen281
\ar@mcellbox=\box70
\extrarowheight=\dimen282
\NC@list=\toks44
\extratabsurround=\skip60
\backup@length=\skip61
\ar@cellbox=\box71
)
(/gnu/store/8aakdan6lbwdw0l0axkzy4613k4wibbq-texlive-texmf-20210325/share/texmf
-dist/tex/latex/l3packages/l3keys2e/l3keys2e.sty
Package: l3keys2e 2021-03-12 LaTeX2e option processing using LaTeX3 keys
)
\l__siunitx_tmp_box=\box72
\l__siunitx_tmp_dim=\dimen283
\l__siunitx_tmp_int=\count321
\l__siunitx_number_mantissa_length_int=\count322
\l__siunitx_number_uncert_length_int=\count323
\l__siunitx_round_int=\count324
\l__siunitx_process_decimal_int=\count325
\l__siunitx_process_uncertainty_int=\count326
\l__siunitx_process_fixed_int=\count327
\l__siunitx_process_integer_min_int=\count328
\l__siunitx_process_precision_int=\count329
\l__siunitx_group_min_int=\count330
\l__siunitx_angle_marker_box=\box73
\l__siunitx_angle_unit_box=\box74
\l__siunitx_angle_marker_dim=\dimen284
\l__siunitx_angle_unit_dim=\dimen285
\l__siunitx_unit_int=\count331
\l__siunitx_unit_denominator_int=\count332
\l__siunitx_unit_numerator_int=\count333
\l__siunitx_unit_prefix_int=\count334
\l__siunitx_unit_prefix_base_int=\count335
\l__siunitx_unit_prefix_gram_int=\count336
\l__siunitx_number_product_int=\count337
\c__siunitx_one_fill_skip=\skip62
\l__siunitx_table_unit_align_skip=\skip63
\l__siunitx_table_exponent_dim=\dimen286
\l__siunitx_table_integer_dim=\dimen287
\l__siunitx_table_mantissa_dim=\dimen288
\l__siunitx_table_marker_dim=\dimen289
\l__siunitx_table_result_dim=\dimen290
\l__siunitx_table_uncert_dim=\dimen291
\l__siunitx_table_fill_pre_dim=\dimen292
\l__siunitx_table_fill_post_dim=\dimen293
\l__siunitx_table_fill_mid_dim=\dimen294
\l__siunitx_table_pre_box=\box75
\l__siunitx_table_post_box=\box76
\l__siunitx_table_mantissa_box=\box77
\l__siunitx_table_result_box=\box78
\l__siunitx_table_number_align_skip=\skip64
\l__siunitx_table_text_align_skip=\skip65

(/gnu/store/8aakdan6lbwdw0l0axkzy4613k4wibbq-texlive-texmf-20210325/share/texmf
-dist/tex/latex/translator/translator.sty
Package: translator 2020-08-03 v1.12c Easy translation of strings in LaTeX
))
\c@prop=\count338
runsystem(which pygmentize && touch thms.aex)...executed.

runsystem(rm thms.aex)...executed.

 (./thms.aux)
\openout1 = `thms.aux'.

LaTeX Font Info:    Checking defaults for OML/cmm/m/it on input line 20.
LaTeX Font Info:    ... okay on input line 20.
LaTeX Font Info:    Checking defaults for OMS/cmsy/m/n on input line 20.
LaTeX Font Info:    ... okay on input line 20.
LaTeX Font Info:    Checking defaults for OT1/cmr/m/n on input line 20.
LaTeX Font Info:    ... okay on input line 20.
LaTeX Font Info:    Checking defaults for T1/cmr/m/n on input line 20.
LaTeX Font Info:    ... okay on input line 20.
LaTeX Font Info:    Checking defaults for TS1/cmr/m/n on input line 20.
LaTeX Font Info:    ... okay on input line 20.
LaTeX Font Info:    Checking defaults for OMX/cmex/m/n on input line 20.
LaTeX Font Info:    ... okay on input line 20.
LaTeX Font Info:    Checking defaults for U/cmr/m/n on input line 20.
LaTeX Font Info:    ... okay on input line 20.

*geometry* driver: auto-detecting
*geometry* detected driver: pdftex
*geometry* verbose mode - [ preamble ] result:
* driver: pdftex
* paper: letterpaper
* layout: <same size as paper>
* layoutoffset:(h,v)=(0.0pt,0.0pt)
* modes: 
* h-part:(L,W,R)=(92.14519pt, 430.00462pt, 92.14519pt)
* v-part:(T,H,B)=(95.39737pt, 556.47656pt, 143.09605pt)
* \paperwidth=614.295pt
* \paperheight=794.96999pt
* \textwidth=430.00462pt
* \textheight=556.47656pt
* \oddsidemargin=19.8752pt
* \evensidemargin=19.8752pt
* \topmargin=-13.87262pt
* \headheight=12.0pt
* \headsep=25.0pt
* \topskip=10.0pt
* \footskip=30.0pt
* \marginparwidth=65.0pt
* \marginparsep=11.0pt
* \columnsep=10.0pt
* \skip\footins=9.0pt plus 4.0pt minus 2.0pt
* \hoffset=0.0pt
* \voffset=0.0pt
* \mag=1000
* \@twocolumnfalse
* \@twosidefalse
* \@mparswitchfalse
* \@reversemarginfalse
* (1in=72.27pt=25.4mm, 1cm=28.453pt)


(/gnu/store/8aakdan6lbwdw0l0axkzy4613k4wibbq-texlive-texmf-20210325/share/texmf
-dist/tex/context/base/mkii/supp-pdf.mkii
[Loading MPS to PDF converter (version 2006.09.02).]
\scratchcounter=\count339
\scratchdimen=\dimen295
\scratchbox=\box79
\nofMPsegments=\count340
\nofMParguments=\count341
\everyMPshowfont=\toks45
\MPscratchCnt=\count342
\MPscratchDim=\dimen296
\MPnumerator=\count343
\makeMPintoPDFobject=\count344
\everyMPtoPDFconversion=\toks46
)
(/gnu/store/8aakdan6lbwdw0l0axkzy4613k4wibbq-texlive-texmf-20210325/share/texmf
-dist/tex/latex/epstopdf-pkg/epstopdf-base.sty
Package: epstopdf-base 2020-01-24 v2.11 Base part for package epstopdf
Package epstopdf-base Info: Redefining graphics rule for `.eps' on input line 4
85.

(/gnu/store/8aakdan6lbwdw0l0axkzy4613k4wibbq-texlive-texmf-20210325/share/texmf
-dist/tex/latex/latexconfig/epstopdf-sys.cfg
File: epstopdf-sys.cfg 2010/07/13 v1.3 Configuration of (r)epstopdf for TeX Liv
e
))
(/gnu/store/8aakdan6lbwdw0l0axkzy4613k4wibbq-texlive-texmf-20210325/share/texmf
-dist/tex/latex/siunitx/siunitx-abbreviations.cfg
File: siunitx-abbreviations.cfg 2017/11/26 v2.7k siunitx: Abbreviated units
)
(/gnu/store/8aakdan6lbwdw0l0axkzy4613k4wibbq-texlive-texmf-20210325/share/texmf
-dist/tex/latex/translator/translator-basic-dictionary-English.dict
Dictionary: translator-basic-dictionary, Language: English 
)
LaTeX Font Info:    Trying to load font information for U+msa on input line 20.


(/gnu/store/8aakdan6lbwdw0l0axkzy4613k4wibbq-texlive-texmf-20210325/share/texmf
-dist/tex/latex/amsfonts/umsa.fd
File: umsa.fd 2013/01/14 v3.01 AMS symbols A
)
LaTeX Font Info:    Trying to load font information for U+msb on input line 20.


(/gnu/store/8aakdan6lbwdw0l0axkzy4613k4wibbq-texlive-texmf-20210325/share/texmf
-dist/tex/latex/amsfonts/umsb.fd
File: umsb.fd 2013/01/14 v3.01 AMS symbols B
) (./_minted-thms/default-pyg-prefix.pygstyle)
(./_minted-thms/default.pygstyle)
runsystem(pygmentize -l tex -f latex -P commandprefix=PYG -F tokenmerge -o _min
ted-thms/8F21DF91D749EA325F6C74A2C050E8789D241E23517D1BDD12638DBE5196A799.pygte
x ../draw/draw.tex)...executed.


(./_minted-thms/8F21DF91D749EA325F6C74A2C050E8789D241E23517D1BDD12638DBE5196A79
9.pygtex

LaTeX Font Warning: Font shape `OT1/cmtt/b/n' undefined
(Font)              using `OT1/cmtt/bx/n' instead on input line 12.

LaTeX Font Info:    Font shape `OT1/cmtt/bx/n' in size <10> not available
(Font)              Font shape `OT1/cmtt/m/n' tried instead on input line 12.

LaTeX Font Warning: Font shape `OT1/cmtt/b/n' undefined
(Font)              using `OT1/cmtt/bx/n' instead on input line 13.


LaTeX Font Warning: Font shape `OT1/cmtt/b/n' undefined
(Font)              using `OT1/cmtt/bx/n' instead on input line 13.


LaTeX Font Warning: Font shape `OT1/cmtt/b/n' undefined
(Font)              using `OT1/cmtt/bx/n' instead on input line 14.


LaTeX Font Warning: Font shape `OT1/cmtt/b/n' undefined
(Font)              using `OT1/cmtt/bx/n' instead on input line 14.


LaTeX Font Warning: Font shape `OT1/cmtt/b/n' undefined
(Font)              using `OT1/cmtt/bx/n' instead on input line 15.


LaTeX Font Warning: Font shape `OT1/cmtt/b/n' undefined
(Font)              using `OT1/cmtt/bx/n' instead on input line 16.


LaTeX Font Warning: Font shape `OT1/cmtt/b/n' undefined
(Font)              using `OT1/cmtt/bx/n' instead on input line 17.


LaTeX Font Warning: Font shape `OT1/cmtt/b/n' undefined
(Font)              using `OT1/cmtt/bx/n' instead on input line 17.


LaTeX Font Warning: Font shape `OT1/cmtt/b/n' undefined
(Font)              using `OT1/cmtt/bx/n' instead on input line 17.


LaTeX Font Warning: Font shape `OT1/cmtt/b/n' undefined
(Font)              using `OT1/cmtt/bx/n' instead on input line 17.


LaTeX Font Warning: Font shape `OT1/cmtt/b/n' undefined
(Font)              using `OT1/cmtt/bx/n' instead on input line 18.


LaTeX Font Warning: Font shape `OT1/cmtt/b/n' undefined
(Font)              using `OT1/cmtt/bx/n' instead on input line 19.


LaTeX Font Warning: Font shape `OT1/cmtt/b/n' undefined
(Font)              using `OT1/cmtt/bx/n' instead on input line 19.


LaTeX Font Warning: Font shape `OT1/cmtt/b/n' undefined
(Font)              using `OT1/cmtt/bx/n' instead on input line 19.


LaTeX Font Warning: Font shape `OT1/cmtt/b/n' undefined
(Font)              using `OT1/cmtt/bx/n' instead on input line 20.


LaTeX Font Warning: Font shape `OT1/cmtt/b/n' undefined
(Font)              using `OT1/cmtt/bx/n' instead on input line 20.


LaTeX Font Warning: Font shape `OT1/cmtt/b/n' undefined
(Font)              using `OT1/cmtt/bx/n' instead on input line 20.


LaTeX Font Warning: Font shape `OT1/cmtt/b/n' undefined
(Font)              using `OT1/cmtt/bx/n' instead on input line 20.


LaTeX Font Warning: Font shape `OT1/cmtt/b/n' undefined
(Font)              using `OT1/cmtt/bx/n' instead on input line 20.


LaTeX Font Warning: Font shape `OT1/cmtt/b/n' undefined
(Font)              using `OT1/cmtt/bx/n' instead on input line 20.


LaTeX Font Warning: Font shape `OT1/cmtt/b/n' undefined
(Font)              using `OT1/cmtt/bx/n' instead on input line 22.


LaTeX Font Warning: Font shape `OT1/cmtt/b/n' undefined
(Font)              using `OT1/cmtt/bx/n' instead on input line 22.


LaTeX Font Warning: Font shape `OT1/cmtt/b/n' undefined
(Font)              using `OT1/cmtt/bx/n' instead on input line 22.


LaTeX Font Warning: Font shape `OT1/cmtt/b/n' undefined
(Font)              using `OT1/cmtt/bx/n' instead on input line 24.


LaTeX Font Warning: Font shape `OT1/cmtt/b/n' undefined
(Font)              using `OT1/cmtt/bx/n' instead on input line 24.


LaTeX Font Warning: Font shape `OT1/cmtt/b/n' undefined
(Font)              using `OT1/cmtt/bx/n' instead on input line 25.


LaTeX Font Warning: Font shape `OT1/cmtt/b/n' undefined
(Font)              using `OT1/cmtt/bx/n' instead on input line 25.

[1

{/gnu/store/8aakdan6lbwdw0l0axkzy4613k4wibbq-texlive-texmf-20210325/share/texmf
-dist/fonts/map/pdftex/updmap/pdftex.map}]

LaTeX Font Warning: Font shape `OT1/cmtt/b/n' undefined
(Font)              using `OT1/cmtt/bx/n' instead on input line 27.


LaTeX Font Warning: Font shape `OT1/cmtt/b/n' undefined
(Font)              using `OT1/cmtt/bx/n' instead on input line 29.


LaTeX Font Warning: Font shape `OT1/cmtt/b/n' undefined
(Font)              using `OT1/cmtt/bx/n' instead on input line 29.


LaTeX Font Warning: Font shape `OT1/cmtt/b/n' undefined
(Font)              using `OT1/cmtt/bx/n' instead on input line 29.


LaTeX Font Warning: Font shape `OT1/cmtt/b/n' undefined
(Font)              using `OT1/cmtt/bx/n' instead on input line 29.


LaTeX Font Warning: Font shape `OT1/cmtt/b/n' undefined
(Font)              using `OT1/cmtt/bx/n' instead on input line 30.


LaTeX Font Warning: Font shape `OT1/cmtt/b/n' undefined
(Font)              using `OT1/cmtt/bx/n' instead on input line 30.


LaTeX Font Warning: Font shape `OT1/cmtt/b/n' undefined
(Font)              using `OT1/cmtt/bx/n' instead on input line 30.


LaTeX Font Warning: Font shape `OT1/cmtt/b/n' undefined
(Font)              using `OT1/cmtt/bx/n' instead on input line 33.


LaTeX Font Warning: Font shape `OT1/cmtt/b/n' undefined
(Font)              using `OT1/cmtt/bx/n' instead on input line 33.


LaTeX Font Warning: Font shape `OT1/cmtt/b/n' undefined
(Font)              using `OT1/cmtt/bx/n' instead on input line 33.


LaTeX Font Warning: Font shape `OT1/cmtt/b/n' undefined
(Font)              using `OT1/cmtt/bx/n' instead on input line 34.


LaTeX Font Warning: Font shape `OT1/cmtt/b/n' undefined
(Font)              using `OT1/cmtt/bx/n' instead on input line 35.


LaTeX Font Warning: Font shape `OT1/cmtt/b/n' undefined
(Font)              using `OT1/cmtt/bx/n' instead on input line 35.


LaTeX Font Warning: Font shape `OT1/cmtt/b/n' undefined
(Font)              using `OT1/cmtt/bx/n' instead on input line 36.


LaTeX Font Warning: Font shape `OT1/cmtt/b/n' undefined
(Font)              using `OT1/cmtt/bx/n' instead on input line 36.


LaTeX Font Warning: Font shape `OT1/cmtt/b/n' undefined
(Font)              using `OT1/cmtt/bx/n' instead on input line 37.


LaTeX Font Warning: Font shape `OT1/cmtt/b/n' undefined
(Font)              using `OT1/cmtt/bx/n' instead on input line 39.


LaTeX Font Warning: Font shape `OT1/cmtt/b/n' undefined
(Font)              using `OT1/cmtt/bx/n' instead on input line 39.


LaTeX Font Warning: Font shape `OT1/cmtt/b/n' undefined
(Font)              using `OT1/cmtt/bx/n' instead on input line 39.


LaTeX Font Warning: Font shape `OT1/cmtt/b/n' undefined
(Font)              using `OT1/cmtt/bx/n' instead on input line 40.


LaTeX Font Warning: Font shape `OT1/cmtt/b/n' undefined
(Font)              using `OT1/cmtt/bx/n' instead on input line 40.


LaTeX Font Warning: Font shape `OT1/cmtt/b/n' undefined
(Font)              using `OT1/cmtt/bx/n' instead on input line 41.


LaTeX Font Warning: Font shape `OT1/cmtt/b/n' undefined
(Font)              using `OT1/cmtt/bx/n' instead on input line 41.

)
(./_minted-thms/8F21DF91D749EA325F6C74A2C050E8789D241E23517D1BDD12638DBE5196A79
9.pygtex

LaTeX Font Warning: Font shape `OT1/cmtt/b/n' undefined
(Font)              using `OT1/cmtt/bx/n' instead on input line 45.


LaTeX Font Warning: Font shape `OT1/cmtt/b/n' undefined
(Font)              using `OT1/cmtt/bx/n' instead on input line 45.


LaTeX Font Warning: Font shape `OT1/cmtt/b/n' undefined
(Font)              using `OT1/cmtt/bx/n' instead on input line 45.


LaTeX Font Warning: Font shape `OT1/cmtt/b/n' undefined
(Font)              using `OT1/cmtt/bx/n' instead on input line 46.


LaTeX Font Warning: Font shape `OT1/cmtt/b/n' undefined
(Font)              using `OT1/cmtt/bx/n' instead on input line 47.


LaTeX Font Warning: Font shape `OT1/cmtt/b/n' undefined
(Font)              using `OT1/cmtt/bx/n' instead on input line 49.


LaTeX Font Warning: Font shape `OT1/cmtt/b/n' undefined
(Font)              using `OT1/cmtt/bx/n' instead on input line 56.


LaTeX Font Warning: Font shape `OT1/cmtt/b/n' undefined
(Font)              using `OT1/cmtt/bx/n' instead on input line 56.


LaTeX Font Warning: Font shape `OT1/cmtt/b/n' undefined
(Font)              using `OT1/cmtt/bx/n' instead on input line 56.


LaTeX Font Warning: Font shape `OT1/cmtt/b/n' undefined
(Font)              using `OT1/cmtt/bx/n' instead on input line 57.


LaTeX Font Warning: Font shape `OT1/cmtt/b/n' undefined
(Font)              using `OT1/cmtt/bx/n' instead on input line 58.


LaTeX Font Warning: Font shape `OT1/cmtt/b/n' undefined
(Font)              using `OT1/cmtt/bx/n' instead on input line 58.


LaTeX Font Warning: Font shape `OT1/cmtt/b/n' undefined
(Font)              using `OT1/cmtt/bx/n' instead on input line 58.


LaTeX Font Warning: Font shape `OT1/cmtt/b/n' undefined
(Font)              using `OT1/cmtt/bx/n' instead on input line 60.


LaTeX Font Warning: Font shape `OT1/cmtt/b/n' undefined
(Font)              using `OT1/cmtt/bx/n' instead on input line 60.


LaTeX Font Warning: Font shape `OT1/cmtt/b/n' undefined
(Font)              using `OT1/cmtt/bx/n' instead on input line 60.


LaTeX Font Warning: Font shape `OT1/cmtt/b/n' undefined
(Font)              using `OT1/cmtt/bx/n' instead on input line 60.

)
(./_minted-thms/8F21DF91D749EA325F6C74A2C050E8789D241E23517D1BDD12638DBE5196A79
9.pygtex

LaTeX Font Warning: Font shape `OT1/cmtt/b/n' undefined
(Font)              using `OT1/cmtt/bx/n' instead on input line 65.


LaTeX Font Warning: Font shape `OT1/cmtt/b/n' undefined
(Font)              using `OT1/cmtt/bx/n' instead on input line 66.


LaTeX Font Warning: Font shape `OT1/cmtt/b/n' undefined
(Font)              using `OT1/cmtt/bx/n' instead on input line 66.

[2]

LaTeX Font Warning: Font shape `OT1/cmtt/b/n' undefined
(Font)              using `OT1/cmtt/bx/n' instead on input line 67.


LaTeX Font Warning: Font shape `OT1/cmtt/b/n' undefined
(Font)              using `OT1/cmtt/bx/n' instead on input line 67.


LaTeX Font Warning: Font shape `OT1/cmtt/b/n' undefined
(Font)              using `OT1/cmtt/bx/n' instead on input line 69.


LaTeX Font Warning: Font shape `OT1/cmtt/b/n' undefined
(Font)              using `OT1/cmtt/bx/n' instead on input line 69.


LaTeX Font Warning: Font shape `OT1/cmtt/b/n' undefined
(Font)              using `OT1/cmtt/bx/n' instead on input line 69.


LaTeX Font Warning: Font shape `OT1/cmtt/b/n' undefined
(Font)              using `OT1/cmtt/bx/n' instead on input line 70.


LaTeX Font Warning: Font shape `OT1/cmtt/b/n' undefined
(Font)              using `OT1/cmtt/bx/n' instead on input line 70.


LaTeX Font Warning: Font shape `OT1/cmtt/b/n' undefined
(Font)              using `OT1/cmtt/bx/n' instead on input line 72.

)
(./_minted-thms/8F21DF91D749EA325F6C74A2C050E8789D241E23517D1BDD12638DBE5196A79
9.pygtex

LaTeX Font Warning: Font shape `OT1/cmtt/b/n' undefined
(Font)              using `OT1/cmtt/bx/n' instead on input line 76.


LaTeX Font Warning: Font shape `OT1/cmtt/b/n' undefined
(Font)              using `OT1/cmtt/bx/n' instead on input line 77.


LaTeX Font Warning: Font shape `OT1/cmtt/b/n' undefined
(Font)              using `OT1/cmtt/bx/n' instead on input line 77.


LaTeX Font Warning: Font shape `OT1/cmtt/b/n' undefined
(Font)              using `OT1/cmtt/bx/n' instead on input line 78.


LaTeX Font Warning: Font shape `OT1/cmtt/b/n' undefined
(Font)              using `OT1/cmtt/bx/n' instead on input line 78.


LaTeX Font Warning: Font shape `OT1/cmtt/b/n' undefined
(Font)              using `OT1/cmtt/bx/n' instead on input line 79.


LaTeX Font Warning: Font shape `OT1/cmtt/b/n' undefined
(Font)              using `OT1/cmtt/bx/n' instead on input line 79.


LaTeX Font Warning: Font shape `OT1/cmtt/b/n' undefined
(Font)              using `OT1/cmtt/bx/n' instead on input line 80.


LaTeX Font Warning: Font shape `OT1/cmtt/b/n' undefined
(Font)              using `OT1/cmtt/bx/n' instead on input line 80.


LaTeX Font Warning: Font shape `OT1/cmtt/b/n' undefined
(Font)              using `OT1/cmtt/bx/n' instead on input line 80.


LaTeX Font Warning: Font shape `OT1/cmtt/b/n' undefined
(Font)              using `OT1/cmtt/bx/n' instead on input line 81.


LaTeX Font Warning: Font shape `OT1/cmtt/b/n' undefined
(Font)              using `OT1/cmtt/bx/n' instead on input line 81.


LaTeX Font Warning: Font shape `OT1/cmtt/b/n' undefined
(Font)              using `OT1/cmtt/bx/n' instead on input line 83.


LaTeX Font Warning: Font shape `OT1/cmtt/b/n' undefined
(Font)              using `OT1/cmtt/bx/n' instead on input line 83.


LaTeX Font Warning: Font shape `OT1/cmtt/b/n' undefined
(Font)              using `OT1/cmtt/bx/n' instead on input line 83.


LaTeX Font Warning: Font shape `OT1/cmtt/b/n' undefined
(Font)              using `OT1/cmtt/bx/n' instead on input line 84.


LaTeX Font Warning: Font shape `OT1/cmtt/b/n' undefined
(Font)              using `OT1/cmtt/bx/n' instead on input line 84.


LaTeX Font Warning: Font shape `OT1/cmtt/b/n' undefined
(Font)              using `OT1/cmtt/bx/n' instead on input line 84.


LaTeX Font Warning: Font shape `OT1/cmtt/b/n' undefined
(Font)              using `OT1/cmtt/bx/n' instead on input line 84.


LaTeX Font Warning: Font shape `OT1/cmtt/b/n' undefined
(Font)              using `OT1/cmtt/bx/n' instead on input line 84.


LaTeX Font Warning: Font shape `OT1/cmtt/b/n' undefined
(Font)              using `OT1/cmtt/bx/n' instead on input line 87.


LaTeX Font Warning: Font shape `OT1/cmtt/b/n' undefined
(Font)              using `OT1/cmtt/bx/n' instead on input line 87.


LaTeX Font Warning: Font shape `OT1/cmtt/b/n' undefined
(Font)              using `OT1/cmtt/bx/n' instead on input line 87.


LaTeX Font Warning: Font shape `OT1/cmtt/b/n' undefined
(Font)              using `OT1/cmtt/bx/n' instead on input line 88.


LaTeX Font Warning: Font shape `OT1/cmtt/b/n' undefined
(Font)              using `OT1/cmtt/bx/n' instead on input line 88.


LaTeX Font Warning: Font shape `OT1/cmtt/b/n' undefined
(Font)              using `OT1/cmtt/bx/n' instead on input line 89.


LaTeX Font Warning: Font shape `OT1/cmtt/b/n' undefined
(Font)              using `OT1/cmtt/bx/n' instead on input line 89.


LaTeX Font Warning: Font shape `OT1/cmtt/b/n' undefined
(Font)              using `OT1/cmtt/bx/n' instead on input line 89.


LaTeX Font Warning: Font shape `OT1/cmtt/b/n' undefined
(Font)              using `OT1/cmtt/bx/n' instead on input line 89.


LaTeX Font Warning: Font shape `OT1/cmtt/b/n' undefined
(Font)              using `OT1/cmtt/bx/n' instead on input line 89.


LaTeX Font Warning: Font shape `OT1/cmtt/b/n' undefined
(Font)              using `OT1/cmtt/bx/n' instead on input line 90.


LaTeX Font Warning: Font shape `OT1/cmtt/b/n' undefined
(Font)              using `OT1/cmtt/bx/n' instead on input line 90.


LaTeX Font Warning: Font shape `OT1/cmtt/b/n' undefined
(Font)              using `OT1/cmtt/bx/n' instead on input line 90.


LaTeX Font Warning: Font shape `OT1/cmtt/b/n' undefined
(Font)              using `OT1/cmtt/bx/n' instead on input line 92.


LaTeX Font Warning: Font shape `OT1/cmtt/b/n' undefined
(Font)              using `OT1/cmtt/bx/n' instead on input line 92.


LaTeX Font Warning: Font shape `OT1/cmtt/b/n' undefined
(Font)              using `OT1/cmtt/bx/n' instead on input line 92.


LaTeX Font Warning: Font shape `OT1/cmtt/b/n' undefined
(Font)              using `OT1/cmtt/bx/n' instead on input line 93.


LaTeX Font Warning: Font shape `OT1/cmtt/b/n' undefined
(Font)              using `OT1/cmtt/bx/n' instead on input line 93.


LaTeX Font Warning: Font shape `OT1/cmtt/b/n' undefined
(Font)              using `OT1/cmtt/bx/n' instead on input line 93.


LaTeX Font Warning: Font shape `OT1/cmtt/b/n' undefined
(Font)              using `OT1/cmtt/bx/n' instead on input line 93.


LaTeX Font Warning: Font shape `OT1/cmtt/b/n' undefined
(Font)              using `OT1/cmtt/bx/n' instead on input line 94.


LaTeX Font Warning: Font shape `OT1/cmtt/b/n' undefined
(Font)              using `OT1/cmtt/bx/n' instead on input line 94.


LaTeX Font Warning: Font shape `OT1/cmtt/b/n' undefined
(Font)              using `OT1/cmtt/bx/n' instead on input line 94.


LaTeX Font Warning: Font shape `OT1/cmtt/b/n' undefined
(Font)              using `OT1/cmtt/bx/n' instead on input line 94.


LaTeX Font Warning: Font shape `OT1/cmtt/b/n' undefined
(Font)              using `OT1/cmtt/bx/n' instead on input line 94.


LaTeX Font Warning: Font shape `OT1/cmtt/b/n' undefined
(Font)              using `OT1/cmtt/bx/n' instead on input line 97.


LaTeX Font Warning: Font shape `OT1/cmtt/b/n' undefined
(Font)              using `OT1/cmtt/bx/n' instead on input line 97.


LaTeX Font Warning: Font shape `OT1/cmtt/b/n' undefined
(Font)              using `OT1/cmtt/bx/n' instead on input line 97.


LaTeX Font Warning: Font shape `OT1/cmtt/b/n' undefined
(Font)              using `OT1/cmtt/bx/n' instead on input line 99.


LaTeX Font Warning: Font shape `OT1/cmtt/b/n' undefined
(Font)              using `OT1/cmtt/bx/n' instead on input line 99.


LaTeX Font Warning: Font shape `OT1/cmtt/b/n' undefined
(Font)              using `OT1/cmtt/bx/n' instead on input line 99.


LaTeX Font Warning: Font shape `OT1/cmtt/b/n' undefined
(Font)              using `OT1/cmtt/bx/n' instead on input line 100.


LaTeX Font Warning: Font shape `OT1/cmtt/b/n' undefined
(Font)              using `OT1/cmtt/bx/n' instead on input line 100.


LaTeX Font Warning: Font shape `OT1/cmtt/b/n' undefined
(Font)              using `OT1/cmtt/bx/n' instead on input line 100.


LaTeX Font Warning: Font shape `OT1/cmtt/b/n' undefined
(Font)              using `OT1/cmtt/bx/n' instead on input line 100.


LaTeX Font Warning: Font shape `OT1/cmtt/b/n' undefined
(Font)              using `OT1/cmtt/bx/n' instead on input line 100.

)
(./_minted-thms/8F21DF91D749EA325F6C74A2C050E8789D241E23517D1BDD12638DBE5196A79
9.pygtex

LaTeX Font Warning: Font shape `OT1/cmtt/b/n' undefined
(Font)              using `OT1/cmtt/bx/n' instead on input line 105.


LaTeX Font Warning: Font shape `OT1/cmtt/b/n' undefined
(Font)              using `OT1/cmtt/bx/n' instead on input line 106.


LaTeX Font Warning: Font shape `OT1/cmtt/b/n' undefined
(Font)              using `OT1/cmtt/bx/n' instead on input line 106.


LaTeX Font Warning: Font shape `OT1/cmtt/b/n' undefined
(Font)              using `OT1/cmtt/bx/n' instead on input line 106.


LaTeX Font Warning: Font shape `OT1/cmtt/b/n' undefined
(Font)              using `OT1/cmtt/bx/n' instead on input line 106.


LaTeX Font Warning: Font shape `OT1/cmtt/b/n' undefined
(Font)              using `OT1/cmtt/bx/n' instead on input line 107.


LaTeX Font Warning: Font shape `OT1/cmtt/b/n' undefined
(Font)              using `OT1/cmtt/bx/n' instead on input line 107.


LaTeX Font Warning: Font shape `OT1/cmtt/b/n' undefined
(Font)              using `OT1/cmtt/bx/n' instead on input line 107.


LaTeX Font Warning: Font shape `OT1/cmtt/b/n' undefined
(Font)              using `OT1/cmtt/bx/n' instead on input line 107.


LaTeX Font Warning: Font shape `OT1/cmtt/b/n' undefined
(Font)              using `OT1/cmtt/bx/n' instead on input line 108.


LaTeX Font Warning: Font shape `OT1/cmtt/b/n' undefined
(Font)              using `OT1/cmtt/bx/n' instead on input line 108.


LaTeX Font Warning: Font shape `OT1/cmtt/b/n' undefined
(Font)              using `OT1/cmtt/bx/n' instead on input line 109.


LaTeX Font Warning: Font shape `OT1/cmtt/b/n' undefined
(Font)              using `OT1/cmtt/bx/n' instead on input line 109.

[3]

LaTeX Font Warning: Font shape `OT1/cmtt/b/n' undefined
(Font)              using `OT1/cmtt/bx/n' instead on input line 110.


LaTeX Font Warning: Font shape `OT1/cmtt/b/n' undefined
(Font)              using `OT1/cmtt/bx/n' instead on input line 110.


LaTeX Font Warning: Font shape `OT1/cmtt/b/n' undefined
(Font)              using `OT1/cmtt/bx/n' instead on input line 111.


LaTeX Font Warning: Font shape `OT1/cmtt/b/n' undefined
(Font)              using `OT1/cmtt/bx/n' instead on input line 111.


LaTeX Font Warning: Font shape `OT1/cmtt/b/n' undefined
(Font)              using `OT1/cmtt/bx/n' instead on input line 111.


LaTeX Font Warning: Font shape `OT1/cmtt/b/n' undefined
(Font)              using `OT1/cmtt/bx/n' instead on input line 112.


LaTeX Font Warning: Font shape `OT1/cmtt/b/n' undefined
(Font)              using `OT1/cmtt/bx/n' instead on input line 112.


LaTeX Font Warning: Font shape `OT1/cmtt/b/n' undefined
(Font)              using `OT1/cmtt/bx/n' instead on input line 113.


LaTeX Font Warning: Font shape `OT1/cmtt/b/n' undefined
(Font)              using `OT1/cmtt/bx/n' instead on input line 113.


LaTeX Font Warning: Font shape `OT1/cmtt/b/n' undefined
(Font)              using `OT1/cmtt/bx/n' instead on input line 113.


LaTeX Font Warning: Font shape `OT1/cmtt/b/n' undefined
(Font)              using `OT1/cmtt/bx/n' instead on input line 114.


LaTeX Font Warning: Font shape `OT1/cmtt/b/n' undefined
(Font)              using `OT1/cmtt/bx/n' instead on input line 114.


LaTeX Font Warning: Font shape `OT1/cmtt/b/n' undefined
(Font)              using `OT1/cmtt/bx/n' instead on input line 115.


LaTeX Font Warning: Font shape `OT1/cmtt/b/n' undefined
(Font)              using `OT1/cmtt/bx/n' instead on input line 115.


LaTeX Font Warning: Font shape `OT1/cmtt/b/n' undefined
(Font)              using `OT1/cmtt/bx/n' instead on input line 117.


LaTeX Font Warning: Font shape `OT1/cmtt/b/n' undefined
(Font)              using `OT1/cmtt/bx/n' instead on input line 117.


LaTeX Font Warning: Font shape `OT1/cmtt/b/n' undefined
(Font)              using `OT1/cmtt/bx/n' instead on input line 117.


LaTeX Font Warning: Font shape `OT1/cmtt/b/n' undefined
(Font)              using `OT1/cmtt/bx/n' instead on input line 120.


LaTeX Font Warning: Font shape `OT1/cmtt/b/n' undefined
(Font)              using `OT1/cmtt/bx/n' instead on input line 120.


LaTeX Font Warning: Font shape `OT1/cmtt/b/n' undefined
(Font)              using `OT1/cmtt/bx/n' instead on input line 120.


LaTeX Font Warning: Font shape `OT1/cmtt/b/n' undefined
(Font)              using `OT1/cmtt/bx/n' instead on input line 120.


LaTeX Font Warning: Font shape `OT1/cmtt/b/n' undefined
(Font)              using `OT1/cmtt/bx/n' instead on input line 121.


LaTeX Font Warning: Font shape `OT1/cmtt/b/n' undefined
(Font)              using `OT1/cmtt/bx/n' instead on input line 121.


LaTeX Font Warning: Font shape `OT1/cmtt/b/n' undefined
(Font)              using `OT1/cmtt/bx/n' instead on input line 123.


LaTeX Font Warning: Font shape `OT1/cmtt/b/n' undefined
(Font)              using `OT1/cmtt/bx/n' instead on input line 123.


LaTeX Font Warning: Font shape `OT1/cmtt/b/n' undefined
(Font)              using `OT1/cmtt/bx/n' instead on input line 123.


LaTeX Font Warning: Font shape `OT1/cmtt/b/n' undefined
(Font)              using `OT1/cmtt/bx/n' instead on input line 123.


LaTeX Font Warning: Font shape `OT1/cmtt/b/n' undefined
(Font)              using `OT1/cmtt/bx/n' instead on input line 123.


LaTeX Font Warning: Font shape `OT1/cmtt/b/n' undefined
(Font)              using `OT1/cmtt/bx/n' instead on input line 127.


LaTeX Font Warning: Font shape `OT1/cmtt/b/n' undefined
(Font)              using `OT1/cmtt/bx/n' instead on input line 127.


LaTeX Font Warning: Font shape `OT1/cmtt/b/n' undefined
(Font)              using `OT1/cmtt/bx/n' instead on input line 127.


LaTeX Font Warning: Font shape `OT1/cmtt/b/n' undefined
(Font)              using `OT1/cmtt/bx/n' instead on input line 128.


LaTeX Font Warning: Font shape `OT1/cmtt/b/n' undefined
(Font)              using `OT1/cmtt/bx/n' instead on input line 130.


LaTeX Font Warning: Font shape `OT1/cmtt/b/n' undefined
(Font)              using `OT1/cmtt/bx/n' instead on input line 133.


LaTeX Font Warning: Font shape `OT1/cmtt/b/n' undefined
(Font)              using `OT1/cmtt/bx/n' instead on input line 133.


LaTeX Font Warning: Font shape `OT1/cmtt/b/n' undefined
(Font)              using `OT1/cmtt/bx/n' instead on input line 133.


LaTeX Font Warning: Font shape `OT1/cmtt/b/n' undefined
(Font)              using `OT1/cmtt/bx/n' instead on input line 133.


LaTeX Font Warning: Font shape `OT1/cmtt/b/n' undefined
(Font)              using `OT1/cmtt/bx/n' instead on input line 134.


LaTeX Font Warning: Font shape `OT1/cmtt/b/n' undefined
(Font)              using `OT1/cmtt/bx/n' instead on input line 134.


LaTeX Font Warning: Font shape `OT1/cmtt/b/n' undefined
(Font)              using `OT1/cmtt/bx/n' instead on input line 136.


LaTeX Font Warning: Font shape `OT1/cmtt/b/n' undefined
(Font)              using `OT1/cmtt/bx/n' instead on input line 136.


LaTeX Font Warning: Font shape `OT1/cmtt/b/n' undefined
(Font)              using `OT1/cmtt/bx/n' instead on input line 136.


LaTeX Font Warning: Font shape `OT1/cmtt/b/n' undefined
(Font)              using `OT1/cmtt/bx/n' instead on input line 136.


LaTeX Font Warning: Font shape `OT1/cmtt/b/n' undefined
(Font)              using `OT1/cmtt/bx/n' instead on input line 136.

)
(./_minted-thms/8F21DF91D749EA325F6C74A2C050E8789D241E23517D1BDD12638DBE5196A79
9.pygtex

LaTeX Font Warning: Font shape `OT1/cmtt/b/n' undefined
(Font)              using `OT1/cmtt/bx/n' instead on input line 143.


LaTeX Font Warning: Font shape `OT1/cmtt/b/n' undefined
(Font)              using `OT1/cmtt/bx/n' instead on input line 143.


LaTeX Font Warning: Font shape `OT1/cmtt/b/n' undefined
(Font)              using `OT1/cmtt/bx/n' instead on input line 144.


LaTeX Font Warning: Font shape `OT1/cmtt/b/n' undefined
(Font)              using `OT1/cmtt/bx/n' instead on input line 149.


LaTeX Font Warning: Font shape `OT1/cmtt/b/n' undefined
(Font)              using `OT1/cmtt/bx/n' instead on input line 149.


LaTeX Font Warning: Font shape `OT1/cmtt/b/n' undefined
(Font)              using `OT1/cmtt/bx/n' instead on input line 149.

[4])
runsystem(pygmentize -l text -f latex -P commandprefix=PYG -F tokenmerge -o _mi
nted-thms/8F21DF91D749EA325F6C74A2C050E8788B17C69F7EFCFC547E55FC1145E3AEC1.pygt
ex ../draw/draw.tex)...executed.


(./_minted-thms/8F21DF91D749EA325F6C74A2C050E8788B17C69F7EFCFC547E55FC1145E3AEC
1.pygtex)
(./_minted-thms/8F21DF91D749EA325F6C74A2C050E8789D241E23517D1BDD12638DBE5196A79
9.pygtex

LaTeX Font Warning: Font shape `OT1/cmtt/b/n' undefined
(Font)              using `OT1/cmtt/bx/n' instead on input line 164.


LaTeX Font Warning: Font shape `OT1/cmtt/b/n' undefined
(Font)              using `OT1/cmtt/bx/n' instead on input line 164.


LaTeX Font Warning: Font shape `OT1/cmtt/b/n' undefined
(Font)              using `OT1/cmtt/bx/n' instead on input line 165.


LaTeX Font Warning: Font shape `OT1/cmtt/b/n' undefined
(Font)              using `OT1/cmtt/bx/n' instead on input line 167.


LaTeX Font Warning: Font shape `OT1/cmtt/b/n' undefined
(Font)              using `OT1/cmtt/bx/n' instead on input line 170.


LaTeX Font Warning: Font shape `OT1/cmtt/b/n' undefined
(Font)              using `OT1/cmtt/bx/n' instead on input line 171.


LaTeX Font Warning: Font shape `OT1/cmtt/b/n' undefined
(Font)              using `OT1/cmtt/bx/n' instead on input line 171.


LaTeX Font Warning: Font shape `OT1/cmtt/b/n' undefined
(Font)              using `OT1/cmtt/bx/n' instead on input line 172.


LaTeX Font Warning: Font shape `OT1/cmtt/b/n' undefined
(Font)              using `OT1/cmtt/bx/n' instead on input line 172.


LaTeX Font Warning: Font shape `OT1/cmtt/b/n' undefined
(Font)              using `OT1/cmtt/bx/n' instead on input line 173.


LaTeX Font Warning: Font shape `OT1/cmtt/b/n' undefined
(Font)              using `OT1/cmtt/bx/n' instead on input line 174.


LaTeX Font Warning: Font shape `OT1/cmtt/b/n' undefined
(Font)              using `OT1/cmtt/bx/n' instead on input line 174.


LaTeX Font Warning: Font shape `OT1/cmtt/b/n' undefined
(Font)              using `OT1/cmtt/bx/n' instead on input line 175.


LaTeX Font Warning: Font shape `OT1/cmtt/b/n' undefined
(Font)              using `OT1/cmtt/bx/n' instead on input line 175.


LaTeX Font Warning: Font shape `OT1/cmtt/b/n' undefined
(Font)              using `OT1/cmtt/bx/n' instead on input line 177.


LaTeX Font Warning: Font shape `OT1/cmtt/b/n' undefined
(Font)              using `OT1/cmtt/bx/n' instead on input line 177.


LaTeX Font Warning: Font shape `OT1/cmtt/b/n' undefined
(Font)              using `OT1/cmtt/bx/n' instead on input line 177.


LaTeX Font Warning: Font shape `OT1/cmtt/b/n' undefined
(Font)              using `OT1/cmtt/bx/n' instead on input line 180.

)
runsystem(rm _minted-thms/141CFDB07A7CBA7916A059AB5D7C09B59D241E23517D1BDD12638
DBE5196A799.pygtex)...executed.

runsystem(rm _minted-thms/141CFDB07A7CBA7916A059AB5D7C09B58B17C69F7EFCFC547E55F
C1145E3AEC1.pygtex)...executed.

 [5] (./thms.aux) ) 
Here is how much of TeX's memory you used:
 19959 strings out of 478994
 425843 string characters out of 5833535
 720122 words of memory out of 5000000
 37046 multiletter control sequences out of 15000+600000
 432965 words of font info for 73 fonts, out of 8000000 for 9000
 1141 hyphenation exceptions out of 8191
 113i,6n,116p,404b,387s stack positions out of 5000i,500n,10000p,200000b,80000s
{/gnu/store/8aakdan6lbwdw0l0axkzy4613k4wibbq-texlive-texmf-2
0210325/share/texmf-dist/fonts/enc/dvips/tex-gyre/q-rm.enc}</gnu/store/8aakdan6
lbwdw0l0axkzy4613k4wibbq-texlive-texmf-20210325/share/texmf-dist/fonts/type1/pu
blic/amsfonts/cm/cmitt10.pfb></gnu/store/8aakdan6lbwdw0l0axkzy4613k4wibbq-texli
ve-texmf-20210325/share/texmf-dist/fonts/type1/public/amsfonts/cm/cmmi10.pfb></
gnu/store/8aakdan6lbwdw0l0axkzy4613k4wibbq-texlive-texmf-20210325/share/texmf-d
ist/fonts/type1/public/amsfonts/cm/cmr10.pfb></gnu/store/8aakdan6lbwdw0l0axkzy4
613k4wibbq-texlive-texmf-20210325/share/texmf-dist/fonts/type1/public/amsfonts/
cm/cmr7.pfb></gnu/store/8aakdan6lbwdw0l0axkzy4613k4wibbq-texlive-texmf-20210325
/share/texmf-dist/fonts/type1/public/amsfonts/cm/cmsy10.pfb></gnu/store/8aakdan
6lbwdw0l0axkzy4613k4wibbq-texlive-texmf-20210325/share/texmf-dist/fonts/type1/p
ublic/amsfonts/cm/cmtt10.pfb></gnu/store/8aakdan6lbwdw0l0axkzy4613k4wibbq-texli
ve-texmf-20210325/share/texmf-dist/fonts/type1/public/amsfonts/symbols/msbm10.p
fb></gnu/store/8aakdan6lbwdw0l0axkzy4613k4wibbq-texlive-texmf-20210325/share/te
xmf-dist/fonts/type1/public/tex-gyre/qplb.pfb></gnu/store/8aakdan6lbwdw0l0axkzy
4613k4wibbq-texlive-texmf-20210325/share/texmf-dist/fonts/type1/public/tex-gyre
/qplr.pfb></gnu/store/8aakdan6lbwdw0l0axkzy4613k4wibbq-texlive-texmf-20210325/s
hare/texmf-dist/fonts/type1/public/tex-gyre/qplri.pfb>
Output written on thms.pdf (5 pages, 210713 bytes).
PDF statistics:
 64 PDF objects out of 1000 (max. 8388607)
 46 compressed objects within 1 object stream
 0 named destinations out of 1000 (max. 500000)
 13 words of extra memory for PDF output out of 10000 (max. 10000000)

